[2026-03-27 15:18:42] === 检查是否需要更新 ===
[2026-03-27 15:18:42] 距离上次更新：252 分钟
[2026-03-27 15:18:42] 超过 30 分钟，触发更新
[2026-03-27 15:18:42] 发送触发消息到群聊...
Config warnings:\n- plugins.entries.feishu: plugin feishu: duplicate plugin id detected; later plugin may be overridden (/home/jason/.openclaw/extensions/feishu/index.ts)
│
◇  Config warnings ────────────────────────────────────────────────────────╮
│                                                                          │
│  - plugins.entries.feishu: plugin feishu: duplicate plugin id detected;  │
│    later plugin may be overridden                                        │
│    (/home/jason/.openclaw/extensions/feishu/index.ts)                    │
│                                                                          │
├──────────────────────────────────────────────────────────────────────────╯
[plugins] plugins.allow is empty; discovered non-bundled plugins may auto-load: feishu (/home/jason/.openclaw/extensions/feishu/index.ts), openclaw-lark (/home/jason/.openclaw/extensions/openclaw-lark/index.js). Set plugins.allow to explicit trusted ids.
[plugins] feishu_doc: Registered feishu_doc, feishu_app_scopes
[plugins] feishu_chat: Registered feishu_chat tool
[plugins] feishu_wiki: Registered feishu_wiki tool
[plugins] feishu_drive: Registered feishu_drive tool
[plugins] feishu_bitable: Registered bitable tools
[plugins] feishu_chat: Registered feishu_chat, feishu_chat_members
[plugins] feishu_im: Registered feishu_im_user_message, feishu_im_user_fetch_resource, feishu_im_user_get_messages, feishu_im_user_get_thread_messages, feishu_im_user_search_messages
[plugins] feishu_im: Registered feishu_im_bot_image
[plugins] Registered all OAPI tools (calendar, task, bitable, search, drive, wiki, sheets, im)
[plugins] feishu_oauth: Registered feishu_oauth tool
[plugins] feishu_oauth_batch_auth: Registered feishu_oauth_batch_auth tool
[plugins] openclaw-lark: loaded without install/load-path provenance; treat as untracked local code and pin trust via plugins.allow or install records (/home/jason/.openclaw/extensions/openclaw-lark/index.js)
Config warnings:\n- plugins.entries.feishu: plugin feishu: duplicate plugin id detected; later plugin may be overridden (/home/jason/.openclaw/extensions/feishu/index.ts)
[plugins] plugins.allow is empty; discovered non-bundled plugins may auto-load: feishu (/home/jason/.openclaw/extensions/feishu/index.ts), openclaw-lark (/home/jason/.openclaw/extensions/openclaw-lark/index.js). Set plugins.allow to explicit trusted ids.
[plugins] feishu_doc: Registered feishu_doc, feishu_app_scopes
[plugins] feishu_chat: Registered feishu_chat tool
[plugins] feishu_wiki: Registered feishu_wiki tool
[plugins] feishu_drive: Registered feishu_drive tool
[plugins] feishu_bitable: Registered bitable tools
[plugins] feishu_chat: Registered feishu_chat, feishu_chat_members
[plugins] feishu_im: Registered feishu_im_user_message, feishu_im_user_fetch_resource, feishu_im_user_get_messages, feishu_im_user_get_thread_messages, feishu_im_user_search_messages
[plugins] feishu_im: Registered feishu_im_bot_image
[plugins] Registered all OAPI tools (calendar, task, bitable, search, drive, wiki, sheets, im)
[plugins] feishu_oauth: Registered feishu_oauth tool
[plugins] feishu_oauth_batch_auth: Registered feishu_oauth_batch_auth tool
[plugins] openclaw-lark: loaded without install/load-path provenance; treat as untracked local code and pin trust via plugins.allow or install records (/home/jason/.openclaw/extensions/openclaw-lark/index.js)
[info]: [ 'client ready' ]
✅ Sent via Feishu. Message ID: om_x100b53520338a8a8c2d2a0bd365d081 (chat oc_dcf59834784e60c1ca436f72f13e37fb)
[2026-03-27 15:18:49] 触发消息已发送
[2026-03-27 15:18:49] === 完成 ===
[2026-03-27 15:18:49] 
