=== 更新开始：2026-03-26 21:03:00 ===
初始创建：小说文件夹建立
初始创建：README.md
初始创建：chapter-00-intro.md (引子)
初始创建：chapter-01-last-passenger.md (第一章 末班乘客)
初始创建：chapter-02-thirteenth-step.md (第二章 第十三级)
初始创建：chapter-03-red-qipao.md (第三章 红色旗袍)
初始创建：update-novel.sh (自动更新脚本)
初始创建：UPDATE-MECHANISM.md (更新机制说明)
Cron 任务已配置：*/5 * * * *
=== 更新完成：2026-03-26 21:03:00 ===

=== 更新开始：2026-03-26 21:10:01 ===
最新章节：/home/jason/.openclaw/workspace-creator/novels/shanghai-horror/chapter-03-red-qipao.md
下一章节：/home/jason/.openclaw/workspace-creator/novels/shanghai-horror/chapter-04-1774530601.md
等待 AI 续写...
=== 更新完成：2026-03-26 21:10:01 ===

=== 更新开始：2026-03-26 21:15:01 ===
最新章节：/home/jason/.openclaw/workspace-creator/novels/shanghai-horror/chapter-03-red-qipao.md
下一章节：/home/jason/.openclaw/workspace-creator/novels/shanghai-horror/chapter-04-1774530901.md
等待 AI 续写...
=== 更新完成：2026-03-26 21:15:01 ===

=== 更新开始：2026-03-26 21:20:01 ===
最新章节：/home/jason/.openclaw/workspace-creator/novels/shanghai-horror/chapter-03-red-qipao.md
下一章节：/home/jason/.openclaw/workspace-creator/novels/shanghai-horror/chapter-04-1774531201.md
等待 AI 续写...
=== 更新完成：2026-03-26 21:20:01 ===

=== 更新开始：2026-03-26 21:25:01 ===
最新章节：/home/jason/.openclaw/workspace-creator/novels/shanghai-horror/chapter-03-red-qipao.md
下一章节：/home/jason/.openclaw/workspace-creator/novels/shanghai-horror/chapter-04-1774531501.md
等待 AI 续写...
=== 更新完成：2026-03-26 21:25:01 ===

=== 更新开始：2026-03-26 21:30:01 ===
最新章节：/home/jason/.openclaw/workspace-creator/novels/shanghai-horror/chapter-03-red-qipao.md
下一章节：/home/jason/.openclaw/workspace-creator/novels/shanghai-horror/chapter-04-1774531801.md
等待 AI 续写...
=== 更新完成：2026-03-26 21:30:01 ===

=== 更新开始：2026-03-26 21:35:01 ===
最新章节：/home/jason/.openclaw/workspace-creator/novels/shanghai-horror/chapter-03-red-qipao.md
下一章节：/home/jason/.openclaw/workspace-creator/novels/shanghai-horror/chapter-04-1774532101.md
等待 AI 续写...
=== 更新完成：2026-03-26 21:35:01 ===

=== 更新开始：2026-03-26 21:40:01 ===
最新章节：/home/jason/.openclaw/workspace-creator/novels/shanghai-horror/chapter-03-red-qipao.md
下一章节：/home/jason/.openclaw/workspace-creator/novels/shanghai-horror/chapter-04-1774532401.md
等待 AI 续写...
=== 更新完成：2026-03-26 21:40:01 ===

=== 更新开始：2026-03-26 21:45:01 ===
最新章节：/home/jason/.openclaw/workspace-creator/novels/shanghai-horror/chapter-03-red-qipao.md
下一章节：/home/jason/.openclaw/workspace-creator/novels/shanghai-horror/chapter-04-1774532701.md
等待 AI 续写...
=== 更新完成：2026-03-26 21:45:01 ===

=== 更新开始：2026-03-26 21:50:01 ===
最新章节：/home/jason/.openclaw/workspace-creator/novels/shanghai-horror/chapter-03-red-qipao.md
下一章节：/home/jason/.openclaw/workspace-creator/novels/shanghai-horror/chapter-04-1774533001.md
等待 AI 续写...
=== 更新完成：2026-03-26 21:50:01 ===

=== 更新开始：2026-03-26 21:55:01 ===
最新章节：/home/jason/.openclaw/workspace-creator/novels/shanghai-horror/chapter-03-red-qipao.md
下一章节：/home/jason/.openclaw/workspace-creator/novels/shanghai-horror/chapter-04-1774533301.md
等待 AI 续写...
=== 更新完成：2026-03-26 21:55:01 ===

=== 更新开始：2026-03-26 22:00:01 ===
最新章节：/home/jason/.openclaw/workspace-creator/novels/shanghai-horror/chapter-03-red-qipao.md
下一章节：/home/jason/.openclaw/workspace-creator/novels/shanghai-horror/chapter-04-1774533601.md
等待 AI 续写...
=== 更新完成：2026-03-26 22:00:01 ===

=== 更新开始：2026-03-26 22:05:01 ===
最新章节：/home/jason/.openclaw/workspace-creator/novels/shanghai-horror/chapter-03-red-qipao.md
下一章节：/home/jason/.openclaw/workspace-creator/novels/shanghai-horror/chapter-04-1774533901.md
等待 AI 续写...
=== 更新完成：2026-03-26 22:05:01 ===

=== 更新开始：2026-03-26 22:10:01 ===
最新章节：/home/jason/.openclaw/workspace-creator/novels/shanghai-horror/chapter-03-red-qipao.md
下一章节：/home/jason/.openclaw/workspace-creator/novels/shanghai-horror/chapter-04-1774534201.md
等待 AI 续写...
=== 更新完成：2026-03-26 22:10:01 ===

=== 更新开始：2026-03-26 22:15:01 ===
最新章节：/home/jason/.openclaw/workspace-creator/novels/shanghai-horror/chapter-03-red-qipao.md
下一章节：/home/jason/.openclaw/workspace-creator/novels/shanghai-horror/chapter-04-1774534501.md
等待 AI 续写...
=== 更新完成：2026-03-26 22:15:01 ===

=== 更新开始：2026-03-26 22:20:01 ===
最新章节：/home/jason/.openclaw/workspace-creator/novels/shanghai-horror/chapter-03-red-qipao.md
下一章节：/home/jason/.openclaw/workspace-creator/novels/shanghai-horror/chapter-04-1774534801.md
等待 AI 续写...
=== 更新完成：2026-03-26 22:20:01 ===

=== 更新开始：2026-03-26 22:25:01 ===
最新章节：/home/jason/.openclaw/workspace-creator/novels/shanghai-horror/chapter-03-red-qipao.md
下一章节：/home/jason/.openclaw/workspace-creator/novels/shanghai-horror/chapter-04-1774535101.md
等待 AI 续写...
=== 更新完成：2026-03-26 22:25:01 ===

=== 更新开始：2026-03-26 22:30:01 ===
最新章节：/home/jason/.openclaw/workspace-creator/novels/shanghai-horror/chapter-03-red-qipao.md
下一章节：/home/jason/.openclaw/workspace-creator/novels/shanghai-horror/chapter-04-1774535401.md
等待 AI 续写...
=== 更新完成：2026-03-26 22:30:01 ===

=== 更新开始：2026-03-26 22:35:01 ===
最新章节：/home/jason/.openclaw/workspace-creator/novels/shanghai-horror/chapter-03-red-qipao.md
下一章节：/home/jason/.openclaw/workspace-creator/novels/shanghai-horror/chapter-04-1774535701.md
等待 AI 续写...
=== 更新完成：2026-03-26 22:35:01 ===

=== 更新开始：2026-03-26 22:40:01 ===
最新章节：/home/jason/.openclaw/workspace-creator/novels/shanghai-horror/chapter-03-red-qipao.md
下一章节：/home/jason/.openclaw/workspace-creator/novels/shanghai-horror/chapter-04-1774536001.md
等待 AI 续写...
=== 更新完成：2026-03-26 22:40:01 ===

=== 更新开始：2026-03-26 22:45:01 ===
最新章节：/home/jason/.openclaw/workspace-creator/novels/shanghai-horror/chapter-03-red-qipao.md
下一章节：/home/jason/.openclaw/workspace-creator/novels/shanghai-horror/chapter-04-1774536301.md
等待 AI 续写...
=== 更新完成：2026-03-26 22:45:01 ===

=== 更新开始：2026-03-26 22:50:01 ===
最新章节：/home/jason/.openclaw/workspace-creator/novels/shanghai-horror/chapter-03-red-qipao.md
下一章节：/home/jason/.openclaw/workspace-creator/novels/shanghai-horror/chapter-04-1774536601.md
等待 AI 续写...
=== 更新完成：2026-03-26 22:50:01 ===

=== 更新开始：2026-03-26 22:55:01 ===
最新章节：/home/jason/.openclaw/workspace-creator/novels/shanghai-horror/chapter-03-red-qipao.md
下一章节：/home/jason/.openclaw/workspace-creator/novels/shanghai-horror/chapter-04-1774536901.md
等待 AI 续写...
=== 更新完成：2026-03-26 22:55:01 ===

=== 更新开始：2026-03-26 23:00:01 ===
最新章节：/home/jason/.openclaw/workspace-creator/novels/shanghai-horror/chapter-03-red-qipao.md
下一章节：/home/jason/.openclaw/workspace-creator/novels/shanghai-horror/chapter-04-1774537201.md
等待 AI 续写...
=== 更新完成：2026-03-26 23:00:01 ===

=== 更新开始：2026-03-26 23:05:01 ===
最新章节：/home/jason/.openclaw/workspace-creator/novels/shanghai-horror/chapter-03-red-qipao.md
下一章节：/home/jason/.openclaw/workspace-creator/novels/shanghai-horror/chapter-04-1774537501.md
等待 AI 续写...
=== 更新完成：2026-03-26 23:05:01 ===

=== 更新开始：2026-03-26 23:10:01 ===
最新章节：/home/jason/.openclaw/workspace-creator/novels/shanghai-horror/chapter-03-red-qipao.md
下一章节：/home/jason/.openclaw/workspace-creator/novels/shanghai-horror/chapter-04-1774537801.md
等待 AI 续写...
=== 更新完成：2026-03-26 23:10:01 ===

=== 更新开始：2026-03-26 23:15:01 ===
最新章节：/home/jason/.openclaw/workspace-creator/novels/shanghai-horror/chapter-03-red-qipao.md
下一章节：/home/jason/.openclaw/workspace-creator/novels/shanghai-horror/chapter-04-1774538102.md
等待 AI 续写...
=== 更新完成：2026-03-26 23:15:02 ===

=== 更新开始：2026-03-26 23:20:01 ===
最新章节：/home/jason/.openclaw/workspace-creator/novels/shanghai-horror/chapter-03-red-qipao.md
下一章节：/home/jason/.openclaw/workspace-creator/novels/shanghai-horror/chapter-04-1774538401.md
等待 AI 续写...
=== 更新完成：2026-03-26 23:20:01 ===

=== 更新开始：2026-03-26 23:25:01 ===
最新章节：/home/jason/.openclaw/workspace-creator/novels/shanghai-horror/chapter-03-red-qipao.md
下一章节：/home/jason/.openclaw/workspace-creator/novels/shanghai-horror/chapter-04-1774538701.md
等待 AI 续写...
=== 更新完成：2026-03-26 23:25:01 ===

=== 更新开始：2026-03-26 23:30:01 ===
最新章节：/home/jason/.openclaw/workspace-creator/novels/shanghai-horror/chapter-03-red-qipao.md
下一章节：/home/jason/.openclaw/workspace-creator/novels/shanghai-horror/chapter-04-1774539001.md
等待 AI 续写...
=== 更新完成：2026-03-26 23:30:01 ===

=== 更新开始：2026-03-26 23:35:01 ===
最新章节：/home/jason/.openclaw/workspace-creator/novels/shanghai-horror/chapter-03-red-qipao.md
下一章节：/home/jason/.openclaw/workspace-creator/novels/shanghai-horror/chapter-04-1774539301.md
等待 AI 续写...
=== 更新完成：2026-03-26 23:35:01 ===

=== 更新开始：2026-03-26 23:40:01 ===
最新章节：/home/jason/.openclaw/workspace-creator/novels/shanghai-horror/chapter-03-red-qipao.md
下一章节：/home/jason/.openclaw/workspace-creator/novels/shanghai-horror/chapter-04-1774539601.md
等待 AI 续写...
=== 更新完成：2026-03-26 23:40:01 ===

=== 更新开始：2026-03-26 23:45:01 ===
最新章节：/home/jason/.openclaw/workspace-creator/novels/shanghai-horror/chapter-03-red-qipao.md
下一章节：/home/jason/.openclaw/workspace-creator/novels/shanghai-horror/chapter-04-1774539901.md
等待 AI 续写...
=== 更新完成：2026-03-26 23:45:01 ===

=== 更新开始：2026-03-26 23:50:01 ===
最新章节：/home/jason/.openclaw/workspace-creator/novels/shanghai-horror/chapter-03-red-qipao.md
下一章节：/home/jason/.openclaw/workspace-creator/novels/shanghai-horror/chapter-04-1774540201.md
等待 AI 续写...
=== 更新完成：2026-03-26 23:50:01 ===

=== 更新开始：2026-03-26 23:55:01 ===
最新章节：/home/jason/.openclaw/workspace-creator/novels/shanghai-horror/chapter-03-red-qipao.md
下一章节：/home/jason/.openclaw/workspace-creator/novels/shanghai-horror/chapter-04-1774540501.md
等待 AI 续写...
=== 更新完成：2026-03-26 23:55:01 ===

=== 更新开始：2026-03-27 00:00:01 ===
最新章节：/home/jason/.openclaw/workspace-creator/novels/shanghai-horror/chapter-03-red-qipao.md
下一章节：/home/jason/.openclaw/workspace-creator/novels/shanghai-horror/chapter-04-1774540801.md
等待 AI 续写...
=== 更新完成：2026-03-27 00:00:01 ===

=== 更新开始：2026-03-27 00:05:01 ===
最新章节：/home/jason/.openclaw/workspace-creator/novels/shanghai-horror/chapter-03-red-qipao.md
下一章节：/home/jason/.openclaw/workspace-creator/novels/shanghai-horror/chapter-04-1774541101.md
等待 AI 续写...
=== 更新完成：2026-03-27 00:05:01 ===

=== 更新开始：2026-03-27 00:10:01 ===
最新章节：/home/jason/.openclaw/workspace-creator/novels/shanghai-horror/chapter-03-red-qipao.md
下一章节：/home/jason/.openclaw/workspace-creator/novels/shanghai-horror/chapter-04-1774541401.md
等待 AI 续写...
=== 更新完成：2026-03-27 00:10:01 ===

=== 更新开始：2026-03-27 00:15:01 ===
最新章节：/home/jason/.openclaw/workspace-creator/novels/shanghai-horror/chapter-03-red-qipao.md
下一章节：/home/jason/.openclaw/workspace-creator/novels/shanghai-horror/chapter-04-1774541701.md
等待 AI 续写...
=== 更新完成：2026-03-27 00:15:02 ===

=== 更新开始：2026-03-27 00:20:01 ===
最新章节：/home/jason/.openclaw/workspace-creator/novels/shanghai-horror/chapter-03-red-qipao.md
下一章节：/home/jason/.openclaw/workspace-creator/novels/shanghai-horror/chapter-04-1774542001.md
等待 AI 续写...
=== 更新完成：2026-03-27 00:20:01 ===

=== 更新开始：2026-03-27 00:25:01 ===
最新章节：/home/jason/.openclaw/workspace-creator/novels/shanghai-horror/chapter-03-red-qipao.md
下一章节：/home/jason/.openclaw/workspace-creator/novels/shanghai-horror/chapter-04-1774542301.md
等待 AI 续写...
=== 更新完成：2026-03-27 00:25:01 ===

=== 更新开始：2026-03-27 00:30:01 ===
最新章节：/home/jason/.openclaw/workspace-creator/novels/shanghai-horror/chapter-03-red-qipao.md
下一章节：/home/jason/.openclaw/workspace-creator/novels/shanghai-horror/chapter-04-1774542601.md
等待 AI 续写...
=== 更新完成：2026-03-27 00:30:01 ===

=== 更新开始：2026-03-27 00:35:01 ===
最新章节：/home/jason/.openclaw/workspace-creator/novels/shanghai-horror/chapter-03-red-qipao.md
下一章节：/home/jason/.openclaw/workspace-creator/novels/shanghai-horror/chapter-04-1774542901.md
等待 AI 续写...
=== 更新完成：2026-03-27 00:35:01 ===

=== 更新开始：2026-03-27 00:40:01 ===
最新章节：/home/jason/.openclaw/workspace-creator/novels/shanghai-horror/chapter-03-red-qipao.md
下一章节：/home/jason/.openclaw/workspace-creator/novels/shanghai-horror/chapter-04-1774543201.md
等待 AI 续写...
=== 更新完成：2026-03-27 00:40:01 ===

=== 更新开始：2026-03-27 00:45:01 ===
最新章节：/home/jason/.openclaw/workspace-creator/novels/shanghai-horror/chapter-03-red-qipao.md
下一章节：/home/jason/.openclaw/workspace-creator/novels/shanghai-horror/chapter-04-1774543501.md
等待 AI 续写...
=== 更新完成：2026-03-27 00:45:01 ===

=== 更新开始：2026-03-27 00:50:01 ===
最新章节：/home/jason/.openclaw/workspace-creator/novels/shanghai-horror/chapter-03-red-qipao.md
下一章节：/home/jason/.openclaw/workspace-creator/novels/shanghai-horror/chapter-04-1774543801.md
等待 AI 续写...
=== 更新完成：2026-03-27 00:50:01 ===

=== 更新开始：2026-03-27 00:55:01 ===
最新章节：/home/jason/.openclaw/workspace-creator/novels/shanghai-horror/chapter-03-red-qipao.md
下一章节：/home/jason/.openclaw/workspace-creator/novels/shanghai-horror/chapter-04-1774544101.md
等待 AI 续写...
=== 更新完成：2026-03-27 00:55:01 ===

=== 更新开始：2026-03-27 01:00:01 ===
最新章节：/home/jason/.openclaw/workspace-creator/novels/shanghai-horror/chapter-03-red-qipao.md
下一章节：/home/jason/.openclaw/workspace-creator/novels/shanghai-horror/chapter-04-1774544401.md
等待 AI 续写...
=== 更新完成：2026-03-27 01:00:02 ===

=== 更新开始：2026-03-27 01:05:01 ===
最新章节：/home/jason/.openclaw/workspace-creator/novels/shanghai-horror/chapter-03-red-qipao.md
下一章节：/home/jason/.openclaw/workspace-creator/novels/shanghai-horror/chapter-04-1774544701.md
等待 AI 续写...
=== 更新完成：2026-03-27 01:05:01 ===

=== 更新开始：2026-03-27 01:10:01 ===
最新章节：/home/jason/.openclaw/workspace-creator/novels/shanghai-horror/chapter-03-red-qipao.md
下一章节：/home/jason/.openclaw/workspace-creator/novels/shanghai-horror/chapter-04-1774545001.md
等待 AI 续写...
=== 更新完成：2026-03-27 01:10:01 ===

=== 更新开始：2026-03-27 01:15:01 ===
最新章节：/home/jason/.openclaw/workspace-creator/novels/shanghai-horror/chapter-03-red-qipao.md
下一章节：/home/jason/.openclaw/workspace-creator/novels/shanghai-horror/chapter-04-1774545301.md
等待 AI 续写...
=== 更新完成：2026-03-27 01:15:01 ===

=== 更新开始：2026-03-27 01:20:01 ===
最新章节：/home/jason/.openclaw/workspace-creator/novels/shanghai-horror/chapter-03-red-qipao.md
下一章节：/home/jason/.openclaw/workspace-creator/novels/shanghai-horror/chapter-04-1774545601.md
等待 AI 续写...
=== 更新完成：2026-03-27 01:20:01 ===

=== 更新开始：2026-03-27 01:25:01 ===
最新章节：/home/jason/.openclaw/workspace-creator/novels/shanghai-horror/chapter-03-red-qipao.md
下一章节：/home/jason/.openclaw/workspace-creator/novels/shanghai-horror/chapter-04-1774545901.md
等待 AI 续写...
=== 更新完成：2026-03-27 01:25:01 ===

=== 更新开始：2026-03-27 01:30:01 ===
最新章节：/home/jason/.openclaw/workspace-creator/novels/shanghai-horror/chapter-03-red-qipao.md
下一章节：/home/jason/.openclaw/workspace-creator/novels/shanghai-horror/chapter-04-1774546201.md
等待 AI 续写...
=== 更新完成：2026-03-27 01:30:01 ===

=== 更新开始：2026-03-27 01:35:01 ===
最新章节：/home/jason/.openclaw/workspace-creator/novels/shanghai-horror/chapter-03-red-qipao.md
下一章节：/home/jason/.openclaw/workspace-creator/novels/shanghai-horror/chapter-04-1774546501.md
等待 AI 续写...
=== 更新完成：2026-03-27 01:35:01 ===

=== 更新开始：2026-03-27 01:40:01 ===
最新章节：/home/jason/.openclaw/workspace-creator/novels/shanghai-horror/chapter-03-red-qipao.md
下一章节：/home/jason/.openclaw/workspace-creator/novels/shanghai-horror/chapter-04-1774546801.md
等待 AI 续写...
=== 更新完成：2026-03-27 01:40:01 ===

=== 更新开始：2026-03-27 01:45:01 ===
最新章节：/home/jason/.openclaw/workspace-creator/novels/shanghai-horror/chapter-03-red-qipao.md
下一章节：/home/jason/.openclaw/workspace-creator/novels/shanghai-horror/chapter-04-1774547101.md
等待 AI 续写...
=== 更新完成：2026-03-27 01:45:01 ===

=== 更新开始：2026-03-27 01:50:01 ===
最新章节：/home/jason/.openclaw/workspace-creator/novels/shanghai-horror/chapter-03-red-qipao.md
下一章节：/home/jason/.openclaw/workspace-creator/novels/shanghai-horror/chapter-04-1774547401.md
等待 AI 续写...
=== 更新完成：2026-03-27 01:50:01 ===

=== 更新开始：2026-03-27 01:55:01 ===
最新章节：/home/jason/.openclaw/workspace-creator/novels/shanghai-horror/chapter-03-red-qipao.md
下一章节：/home/jason/.openclaw/workspace-creator/novels/shanghai-horror/chapter-04-1774547701.md
等待 AI 续写...
=== 更新完成：2026-03-27 01:55:01 ===

=== 更新开始：2026-03-27 02:00:01 ===
最新章节：/home/jason/.openclaw/workspace-creator/novels/shanghai-horror/chapter-03-red-qipao.md
下一章节：/home/jason/.openclaw/workspace-creator/novels/shanghai-horror/chapter-04-1774548001.md
等待 AI 续写...
=== 更新完成：2026-03-27 02:00:01 ===

=== 更新开始：2026-03-27 02:05:01 ===
最新章节：/home/jason/.openclaw/workspace-creator/novels/shanghai-horror/chapter-03-red-qipao.md
下一章节：/home/jason/.openclaw/workspace-creator/novels/shanghai-horror/chapter-04-1774548301.md
等待 AI 续写...
=== 更新完成：2026-03-27 02:05:01 ===

=== 更新开始：2026-03-27 02:10:01 ===
最新章节：/home/jason/.openclaw/workspace-creator/novels/shanghai-horror/chapter-03-red-qipao.md
下一章节：/home/jason/.openclaw/workspace-creator/novels/shanghai-horror/chapter-04-1774548601.md
等待 AI 续写...
=== 更新完成：2026-03-27 02:10:01 ===

=== 更新开始：2026-03-27 02:15:01 ===
最新章节：/home/jason/.openclaw/workspace-creator/novels/shanghai-horror/chapter-03-red-qipao.md
下一章节：/home/jason/.openclaw/workspace-creator/novels/shanghai-horror/chapter-04-1774548901.md
等待 AI 续写...
=== 更新完成：2026-03-27 02:15:01 ===

=== 更新开始：2026-03-27 02:20:01 ===
最新章节：/home/jason/.openclaw/workspace-creator/novels/shanghai-horror/chapter-03-red-qipao.md
下一章节：/home/jason/.openclaw/workspace-creator/novels/shanghai-horror/chapter-04-1774549201.md
等待 AI 续写...
=== 更新完成：2026-03-27 02:20:01 ===

=== 更新开始：2026-03-27 02:25:01 ===
最新章节：/home/jason/.openclaw/workspace-creator/novels/shanghai-horror/chapter-03-red-qipao.md
下一章节：/home/jason/.openclaw/workspace-creator/novels/shanghai-horror/chapter-04-1774549501.md
等待 AI 续写...
=== 更新完成：2026-03-27 02:25:01 ===

=== 更新开始：2026-03-27 02:30:01 ===
最新章节：/home/jason/.openclaw/workspace-creator/novels/shanghai-horror/chapter-03-red-qipao.md
下一章节：/home/jason/.openclaw/workspace-creator/novels/shanghai-horror/chapter-04-1774549801.md
等待 AI 续写...
=== 更新完成：2026-03-27 02:30:01 ===

=== 更新开始：2026-03-27 02:35:01 ===
最新章节：/home/jason/.openclaw/workspace-creator/novels/shanghai-horror/chapter-03-red-qipao.md
下一章节：/home/jason/.openclaw/workspace-creator/novels/shanghai-horror/chapter-04-1774550101.md
等待 AI 续写...
=== 更新完成：2026-03-27 02:35:01 ===

=== 更新开始：2026-03-27 02:40:01 ===
最新章节：/home/jason/.openclaw/workspace-creator/novels/shanghai-horror/chapter-03-red-qipao.md
下一章节：/home/jason/.openclaw/workspace-creator/novels/shanghai-horror/chapter-04-1774550401.md
等待 AI 续写...
=== 更新完成：2026-03-27 02:40:01 ===

=== 更新开始：2026-03-27 02:45:01 ===
最新章节：/home/jason/.openclaw/workspace-creator/novels/shanghai-horror/chapter-03-red-qipao.md
下一章节：/home/jason/.openclaw/workspace-creator/novels/shanghai-horror/chapter-04-1774550701.md
等待 AI 续写...
=== 更新完成：2026-03-27 02:45:01 ===

=== 更新开始：2026-03-27 02:50:01 ===
最新章节：/home/jason/.openclaw/workspace-creator/novels/shanghai-horror/chapter-03-red-qipao.md
下一章节：/home/jason/.openclaw/workspace-creator/novels/shanghai-horror/chapter-04-1774551001.md
等待 AI 续写...
=== 更新完成：2026-03-27 02:50:01 ===

=== 更新开始：2026-03-27 02:55:01 ===
最新章节：/home/jason/.openclaw/workspace-creator/novels/shanghai-horror/chapter-03-red-qipao.md
下一章节：/home/jason/.openclaw/workspace-creator/novels/shanghai-horror/chapter-04-1774551301.md
等待 AI 续写...
=== 更新完成：2026-03-27 02:55:01 ===

=== 更新开始：2026-03-27 03:00:01 ===
最新章节：/home/jason/.openclaw/workspace-creator/novels/shanghai-horror/chapter-03-red-qipao.md
下一章节：/home/jason/.openclaw/workspace-creator/novels/shanghai-horror/chapter-04-1774551601.md
等待 AI 续写...
=== 更新完成：2026-03-27 03:00:01 ===

=== 更新开始：2026-03-27 03:05:01 ===
最新章节：/home/jason/.openclaw/workspace-creator/novels/shanghai-horror/chapter-03-red-qipao.md
下一章节：/home/jason/.openclaw/workspace-creator/novels/shanghai-horror/chapter-04-1774551901.md
等待 AI 续写...
=== 更新完成：2026-03-27 03:05:01 ===

=== 更新开始：2026-03-27 03:10:01 ===
最新章节：/home/jason/.openclaw/workspace-creator/novels/shanghai-horror/chapter-03-red-qipao.md
下一章节：/home/jason/.openclaw/workspace-creator/novels/shanghai-horror/chapter-04-1774552201.md
等待 AI 续写...
=== 更新完成：2026-03-27 03:10:01 ===

=== 更新开始：2026-03-27 03:15:01 ===
最新章节：/home/jason/.openclaw/workspace-creator/novels/shanghai-horror/chapter-03-red-qipao.md
下一章节：/home/jason/.openclaw/workspace-creator/novels/shanghai-horror/chapter-04-1774552501.md
等待 AI 续写...
=== 更新完成：2026-03-27 03:15:01 ===

=== 更新开始：2026-03-27 03:20:01 ===
最新章节：/home/jason/.openclaw/workspace-creator/novels/shanghai-horror/chapter-03-red-qipao.md
下一章节：/home/jason/.openclaw/workspace-creator/novels/shanghai-horror/chapter-04-1774552801.md
等待 AI 续写...
=== 更新完成：2026-03-27 03:20:01 ===

=== 更新开始：2026-03-27 03:25:01 ===
最新章节：/home/jason/.openclaw/workspace-creator/novels/shanghai-horror/chapter-03-red-qipao.md
下一章节：/home/jason/.openclaw/workspace-creator/novels/shanghai-horror/chapter-04-1774553101.md
等待 AI 续写...
=== 更新完成：2026-03-27 03:25:01 ===

=== 更新开始：2026-03-27 03:30:01 ===
最新章节：/home/jason/.openclaw/workspace-creator/novels/shanghai-horror/chapter-03-red-qipao.md
下一章节：/home/jason/.openclaw/workspace-creator/novels/shanghai-horror/chapter-04-1774553401.md
等待 AI 续写...
=== 更新完成：2026-03-27 03:30:01 ===

=== 更新开始：2026-03-27 03:35:01 ===
最新章节：/home/jason/.openclaw/workspace-creator/novels/shanghai-horror/chapter-03-red-qipao.md
下一章节：/home/jason/.openclaw/workspace-creator/novels/shanghai-horror/chapter-04-1774553701.md
等待 AI 续写...
=== 更新完成：2026-03-27 03:35:01 ===

=== 更新开始：2026-03-27 03:40:01 ===
最新章节：/home/jason/.openclaw/workspace-creator/novels/shanghai-horror/chapter-03-red-qipao.md
下一章节：/home/jason/.openclaw/workspace-creator/novels/shanghai-horror/chapter-04-1774554001.md
等待 AI 续写...
=== 更新完成：2026-03-27 03:40:01 ===

=== 更新开始：2026-03-27 03:45:01 ===
最新章节：/home/jason/.openclaw/workspace-creator/novels/shanghai-horror/chapter-03-red-qipao.md
下一章节：/home/jason/.openclaw/workspace-creator/novels/shanghai-horror/chapter-04-1774554301.md
等待 AI 续写...
=== 更新完成：2026-03-27 03:45:01 ===

=== 更新开始：2026-03-27 03:50:01 ===
最新章节：/home/jason/.openclaw/workspace-creator/novels/shanghai-horror/chapter-03-red-qipao.md
下一章节：/home/jason/.openclaw/workspace-creator/novels/shanghai-horror/chapter-04-1774554601.md
等待 AI 续写...
=== 更新完成：2026-03-27 03:50:01 ===

=== 更新开始：2026-03-27 03:55:01 ===
最新章节：/home/jason/.openclaw/workspace-creator/novels/shanghai-horror/chapter-03-red-qipao.md
下一章节：/home/jason/.openclaw/workspace-creator/novels/shanghai-horror/chapter-04-1774554901.md
等待 AI 续写...
=== 更新完成：2026-03-27 03:55:01 ===

=== 更新开始：2026-03-27 04:00:01 ===
最新章节：/home/jason/.openclaw/workspace-creator/novels/shanghai-horror/chapter-03-red-qipao.md
下一章节：/home/jason/.openclaw/workspace-creator/novels/shanghai-horror/chapter-04-1774555201.md
等待 AI 续写...
=== 更新完成：2026-03-27 04:00:01 ===

=== 更新开始：2026-03-27 04:05:01 ===
最新章节：/home/jason/.openclaw/workspace-creator/novels/shanghai-horror/chapter-03-red-qipao.md
下一章节：/home/jason/.openclaw/workspace-creator/novels/shanghai-horror/chapter-04-1774555501.md
等待 AI 续写...
=== 更新完成：2026-03-27 04:05:01 ===

=== 更新开始：2026-03-27 04:10:01 ===
最新章节：/home/jason/.openclaw/workspace-creator/novels/shanghai-horror/chapter-03-red-qipao.md
下一章节：/home/jason/.openclaw/workspace-creator/novels/shanghai-horror/chapter-04-1774555801.md
等待 AI 续写...
=== 更新完成：2026-03-27 04:10:02 ===

=== 更新开始：2026-03-27 04:15:01 ===
最新章节：/home/jason/.openclaw/workspace-creator/novels/shanghai-horror/chapter-03-red-qipao.md
下一章节：/home/jason/.openclaw/workspace-creator/novels/shanghai-horror/chapter-04-1774556101.md
等待 AI 续写...
=== 更新完成：2026-03-27 04:15:01 ===

=== 更新开始：2026-03-27 04:20:01 ===
最新章节：/home/jason/.openclaw/workspace-creator/novels/shanghai-horror/chapter-03-red-qipao.md
下一章节：/home/jason/.openclaw/workspace-creator/novels/shanghai-horror/chapter-04-1774556401.md
等待 AI 续写...
=== 更新完成：2026-03-27 04:20:01 ===

=== 更新开始：2026-03-27 04:25:01 ===
最新章节：/home/jason/.openclaw/workspace-creator/novels/shanghai-horror/chapter-03-red-qipao.md
下一章节：/home/jason/.openclaw/workspace-creator/novels/shanghai-horror/chapter-04-1774556701.md
等待 AI 续写...
=== 更新完成：2026-03-27 04:25:01 ===

=== 更新开始：2026-03-27 04:30:01 ===
最新章节：/home/jason/.openclaw/workspace-creator/novels/shanghai-horror/chapter-03-red-qipao.md
下一章节：/home/jason/.openclaw/workspace-creator/novels/shanghai-horror/chapter-04-1774557001.md
等待 AI 续写...
=== 更新完成：2026-03-27 04:30:01 ===

=== 更新开始：2026-03-27 04:35:01 ===
最新章节：/home/jason/.openclaw/workspace-creator/novels/shanghai-horror/chapter-03-red-qipao.md
下一章节：/home/jason/.openclaw/workspace-creator/novels/shanghai-horror/chapter-04-1774557301.md
等待 AI 续写...
=== 更新完成：2026-03-27 04:35:01 ===

=== 更新开始：2026-03-27 04:40:01 ===
最新章节：/home/jason/.openclaw/workspace-creator/novels/shanghai-horror/chapter-03-red-qipao.md
下一章节：/home/jason/.openclaw/workspace-creator/novels/shanghai-horror/chapter-04-1774557601.md
等待 AI 续写...
=== 更新完成：2026-03-27 04:40:01 ===

=== 更新开始：2026-03-27 04:45:01 ===
最新章节：/home/jason/.openclaw/workspace-creator/novels/shanghai-horror/chapter-03-red-qipao.md
下一章节：/home/jason/.openclaw/workspace-creator/novels/shanghai-horror/chapter-04-1774557901.md
等待 AI 续写...
=== 更新完成：2026-03-27 04:45:01 ===

=== 更新开始：2026-03-27 04:50:01 ===
最新章节：/home/jason/.openclaw/workspace-creator/novels/shanghai-horror/chapter-03-red-qipao.md
下一章节：/home/jason/.openclaw/workspace-creator/novels/shanghai-horror/chapter-04-1774558201.md
等待 AI 续写...
=== 更新完成：2026-03-27 04:50:01 ===

=== 更新开始：2026-03-27 04:55:01 ===
最新章节：/home/jason/.openclaw/workspace-creator/novels/shanghai-horror/chapter-03-red-qipao.md
下一章节：/home/jason/.openclaw/workspace-creator/novels/shanghai-horror/chapter-04-1774558501.md
等待 AI 续写...
=== 更新完成：2026-03-27 04:55:01 ===

=== 更新开始：2026-03-27 05:00:01 ===
最新章节：/home/jason/.openclaw/workspace-creator/novels/shanghai-horror/chapter-03-red-qipao.md
下一章节：/home/jason/.openclaw/workspace-creator/novels/shanghai-horror/chapter-04-1774558801.md
等待 AI 续写...
=== 更新完成：2026-03-27 05:00:01 ===

=== 更新开始：2026-03-27 05:05:01 ===
最新章节：/home/jason/.openclaw/workspace-creator/novels/shanghai-horror/chapter-03-red-qipao.md
下一章节：/home/jason/.openclaw/workspace-creator/novels/shanghai-horror/chapter-04-1774559101.md
等待 AI 续写...
=== 更新完成：2026-03-27 05:05:01 ===

=== 更新开始：2026-03-27 05:10:01 ===
最新章节：/home/jason/.openclaw/workspace-creator/novels/shanghai-horror/chapter-03-red-qipao.md
下一章节：/home/jason/.openclaw/workspace-creator/novels/shanghai-horror/chapter-04-1774559401.md
等待 AI 续写...
=== 更新完成：2026-03-27 05:10:01 ===

=== 更新开始：2026-03-27 05:15:01 ===
最新章节：/home/jason/.openclaw/workspace-creator/novels/shanghai-horror/chapter-03-red-qipao.md
下一章节：/home/jason/.openclaw/workspace-creator/novels/shanghai-horror/chapter-04-1774559701.md
等待 AI 续写...
=== 更新完成：2026-03-27 05:15:01 ===

=== 更新开始：2026-03-27 05:20:01 ===
最新章节：/home/jason/.openclaw/workspace-creator/novels/shanghai-horror/chapter-03-red-qipao.md
下一章节：/home/jason/.openclaw/workspace-creator/novels/shanghai-horror/chapter-04-1774560001.md
等待 AI 续写...
=== 更新完成：2026-03-27 05:20:01 ===

=== 更新开始：2026-03-27 05:25:01 ===
最新章节：/home/jason/.openclaw/workspace-creator/novels/shanghai-horror/chapter-03-red-qipao.md
下一章节：/home/jason/.openclaw/workspace-creator/novels/shanghai-horror/chapter-04-1774560301.md
等待 AI 续写...
=== 更新完成：2026-03-27 05:25:01 ===

=== 更新开始：2026-03-27 06:22:00 ===
最新章节：/home/jason/.openclaw/workspace-creator/novels/shanghai-horror/chapter-03-red-qipao.md
下一章节：/home/jason/.openclaw/workspace-creator/novels/shanghai-horror/chapter-04-mirror-person.md
AI 续写完成，字数：4,200 字
累计字数：16,500 字
=== 更新完成：2026-03-27 06:22:00 ===

=== 更新开始：2026-03-27 05:30:01 ===
最新章节：/home/jason/.openclaw/workspace-creator/novels/shanghai-horror/chapter-03-red-qipao.md
下一章节：/home/jason/.openclaw/workspace-creator/novels/shanghai-horror/chapter-04-1774560601.md
等待 AI 续写...
=== 更新完成：2026-03-27 05:30:01 ===

=== 更新开始：2026-03-27 05:35:01 ===
最新章节：/home/jason/.openclaw/workspace-creator/novels/shanghai-horror/chapter-03-red-qipao.md
下一章节：/home/jason/.openclaw/workspace-creator/novels/shanghai-horror/chapter-04-1774560901.md
等待 AI 续写...
=== 更新完成：2026-03-27 05:35:01 ===

=== 更新开始：2026-03-27 05:40:01 ===
最新章节：/home/jason/.openclaw/workspace-creator/novels/shanghai-horror/chapter-03-red-qipao.md
下一章节：/home/jason/.openclaw/workspace-creator/novels/shanghai-horror/chapter-04-1774561201.md
等待 AI 续写...
=== 更新完成：2026-03-27 05:40:01 ===

=== 更新开始：2026-03-27 05:45:01 ===
最新章节：/home/jason/.openclaw/workspace-creator/novels/shanghai-horror/chapter-03-red-qipao.md
下一章节：/home/jason/.openclaw/workspace-creator/novels/shanghai-horror/chapter-04-1774561501.md
等待 AI 续写...
=== 更新完成：2026-03-27 05:45:01 ===

=== 更新开始：2026-03-27 05:50:01 ===
最新章节：/home/jason/.openclaw/workspace-creator/novels/shanghai-horror/chapter-03-red-qipao.md
下一章节：/home/jason/.openclaw/workspace-creator/novels/shanghai-horror/chapter-04-1774561801.md
等待 AI 续写...
=== 更新完成：2026-03-27 05:50:01 ===

=== 更新开始：2026-03-27 05:55:01 ===
最新章节：/home/jason/.openclaw/workspace-creator/novels/shanghai-horror/chapter-03-red-qipao.md
下一章节：/home/jason/.openclaw/workspace-creator/novels/shanghai-horror/chapter-04-1774562101.md
等待 AI 续写...
=== 更新完成：2026-03-27 05:55:01 ===

=== 更新开始：2026-03-27 06:00:01 ===
最新章节：/home/jason/.openclaw/workspace-creator/novels/shanghai-horror/chapter-03-red-qipao.md
下一章节：/home/jason/.openclaw/workspace-creator/novels/shanghai-horror/chapter-04-1774562401.md
等待 AI 续写...
=== 更新完成：2026-03-27 06:00:01 ===

=== 更新开始：2026-03-27 06:05:01 ===
最新章节：/home/jason/.openclaw/workspace-creator/novels/shanghai-horror/chapter-03-red-qipao.md
下一章节：/home/jason/.openclaw/workspace-creator/novels/shanghai-horror/chapter-04-1774562702.md
等待 AI 续写...
=== 更新完成：2026-03-27 06:05:02 ===

=== 更新开始：2026-03-27 06:10:01 ===
最新章节：/home/jason/.openclaw/workspace-creator/novels/shanghai-horror/chapter-03-red-qipao.md
下一章节：/home/jason/.openclaw/workspace-creator/novels/shanghai-horror/chapter-04-1774563001.md
等待 AI 续写...
=== 更新完成：2026-03-27 06:10:01 ===

=== 更新开始：2026-03-27 06:15:01 ===
最新章节：/home/jason/.openclaw/workspace-creator/novels/shanghai-horror/chapter-03-red-qipao.md
下一章节：/home/jason/.openclaw/workspace-creator/novels/shanghai-horror/chapter-04-1774563301.md
等待 AI 续写...
=== 更新完成：2026-03-27 06:15:01 ===

=== 更新开始：2026-03-27 06:20:01 ===
最新章节：/home/jason/.openclaw/workspace-creator/novels/shanghai-horror/chapter-03-red-qipao.md
下一章节：/home/jason/.openclaw/workspace-creator/novels/shanghai-horror/chapter-04-1774563601.md
等待 AI 续写...
=== 更新完成：2026-03-27 06:20:01 ===

=== 更新开始：2026-03-27 06:25:01 ===
最新章节：/home/jason/.openclaw/workspace-creator/novels/shanghai-horror/chapter-04-mirror-person.md
下一章节：/home/jason/.openclaw/workspace-creator/novels/shanghai-horror/chapter-05-1774563901.md
等待 AI 续写...
=== 更新完成：2026-03-27 06:25:01 ===

